Start testing: Oct 06 19:33 CST
----------------------------------------------------------
1/1 Testing: test
1/1 Test: test
Command: "/home/shuo/Desktop/vision/25-vision-chen-shuo/CMake_II/build/modules/assembly1/assembly1_test"
Directory: /home/shuo/Desktop/vision/25-vision-chen-shuo/CMake_II/build/modules/assembly1
"test" start time: Oct 06 19:33 CST
Output:
----------------------------------------------------------
2
<end of output>
Test time =   0.00 sec
----------------------------------------------------------
Test Passed.
"test" end time: Oct 06 19:33 CST
"test" time elapsed: 00:00:00
----------------------------------------------------------

End testing: Oct 06 19:33 CST
